<?xml version="1.0" encoding="UTF-8"?>
<testng-results skipped="0" failed="0" ignored="0" total="1" passed="1">
  <reporter-output>
  </reporter-output>
  <suite name="Default suite" duration-ms="24214" started-at="2017-03-04T09:59:00Z" finished-at="2017-03-04T09:59:24Z">
    <groups>
    </groups>
    <test name="Default test" duration-ms="24214" started-at="2017-03-04T09:59:00Z" finished-at="2017-03-04T09:59:24Z">
      <class name="TestCase.VerifyLoginPage">
        <test-method status="PASS" signature="setUp()[pri:0, instance:TestCase.VerifyLoginPage@4b9e13df]" name="setUp" is-config="true" duration-ms="15638" started-at="2017-03-04T15:29:00Z" finished-at="2017-03-04T15:29:15Z">
          <reporter-output>
          </reporter-output>
        </test-method> <!-- setUp -->
        <test-method status="PASS" signature="testLoginPage()[pri:0, instance:TestCase.VerifyLoginPage@4b9e13df]" name="testLoginPage" duration-ms="8014" started-at="2017-03-04T15:29:15Z" finished-at="2017-03-04T15:29:23Z">
          <reporter-output>
          </reporter-output>
        </test-method> <!-- testLoginPage -->
        <test-method status="PASS" signature="tearDown()[pri:0, instance:TestCase.VerifyLoginPage@4b9e13df]" name="tearDown" is-config="true" duration-ms="515" started-at="2017-03-04T15:29:23Z" finished-at="2017-03-04T15:29:24Z">
          <reporter-output>
          </reporter-output>
        </test-method> <!-- tearDown -->
      </class> <!-- TestCase.VerifyLoginPage -->
    </test> <!-- Default test -->
  </suite> <!-- Default suite -->
</testng-results>
